
  .   ____          _            __ _ _
 /\\ / ___'_ __ _ _(_)_ __  __ _ \ \ \ \
( ( )\___ | '_ | '_| | '_ \/ _` | \ \ \ \
 \\/  ___)| |_)| | | | | || (_| |  ) ) ) )
  '  |____| .__|_| |_|_| |_\__, | / / / /
 =========|_|==============|___/=/_/_/_/
 :: Spring Boot ::        (v2.0.5.RELEASE)

2561-09-20 16:17:26.890  INFO 9236 --- [           main] hello.Application                        : Starting Application v0.1.0 on K16SRVG9BRSF2 with PID 9236 (D:\daily\20sep18\mvc\gs-serving-web-content\initial\target\hanaga.jar started by K16SRVG9BRSF2$ in D:\daily\20sep18\mvc\gs-serving-web-content\initial\target)
2561-09-20 16:17:26.895  INFO 9236 --- [           main] hello.Application                        : No active profile set, falling back to default profiles: default
2561-09-20 16:17:27.002  INFO 9236 --- [           main] ConfigServletWebServerApplicationContext : Refreshing org.springframework.boot.web.servlet.context.AnnotationConfigServletWebServerApplicationContext@7cef4e59: startup date [Thu Sep 20 16:17:26 ICT 2018]; root of context hierarchy
2561-09-20 16:17:29.331  INFO 9236 --- [           main] o.s.b.w.embedded.tomcat.TomcatWebServer  : Tomcat initialized with port(s): 8080 (http)
2561-09-20 16:17:29.378  INFO 9236 --- [           main] o.apache.catalina.core.StandardService   : Starting service [Tomcat]
2561-09-20 16:17:29.378  INFO 9236 --- [           main] org.apache.catalina.core.StandardEngine  : Starting Servlet Engine: Apache Tomcat/8.5.34
2561-09-20 16:17:29.394  INFO 9236 --- [ost-startStop-1] o.a.catalina.core.AprLifecycleListener   : The APR based Apache Tomcat Native library which allows optimal performance in production environments was not found on the java.library.path: [C:\Program Files\Java\jdk1.8.0_181\bin;C:\windows\Sun\Java\bin;C:\windows\system32;C:\windows;C:\Program Files\Perforce;C:\Program Files\Java\jdk1.8.0_181\bin;C:\apache-ant-1.10.3\bin;C:\Go\bin;C:\Maven3.5.3\bin;C:\Program Files\Oculus\Support\oculus-runtime;C:\Users\mongkonchai.k\AppData\Local\atom\bin;C:\Program Files\R\R-3.4.1\bin;D:\solr-6.6.0\bin;D:\elasticsearch-5.5.0\bin;C:\Google\Cloud SDK\google-cloud-sdk\bin;C:\Program Files\Java\jdk1.8.0_121\bin;C:\gradle-4.0\bin;C:\Program Files (x86)\Java\jdk1.6.0_45\bin;C:\Program Files\cURL\bin;C:\Maven3.5\bin;C:\Program Files\Java\jdk1.8.0_121\bin;C:\ProgramData\Oracle\Java\javapath;C:\Program Files (x86)\Intel\iCLS Client\;C:\Program Files\Intel\iCLS Client\;C:\windows\system32;C:\windows;C:\windows\System32\Wbem;C:\windows\System32\WindowsPowerShell\v1.0\;C:\Program Files (x86)\Intel\Intel(R) Management Engine Components\DAL;C:\Program Files\Intel\Intel(R) Management Engine Components\DAL;C:\Program Files (x86)\Intel\Intel(R) Management Engine Components\IPT;C:\Program Files\Intel\Intel(R) Management Engine Components\IPT;C:\Program Files (x86)\Microsoft SQL Server\100\Tools\Binn\;C:\Program Files\Microsoft SQL Server\100\Tools\Binn\;C:\Program Files\Microsoft SQL Server\100\DTS\Binn\;C:\Program Files (x86)\Microsoft SQL Server\100\Tools\Binn\VSShell\Common7\IDE\;C:\Program Files (x86)\Microsoft Visual Studio 9.0\Common7\IDE\PrivateAssemblies\;C:\Program Files (x86)\Microsoft SQL Server\100\DTS\Binn\;C:\Program Files\Microsoft SQL Server\130\Tools\Binn\;C:\Program Files\dotnet\;C:\Google\Cloud SDK\google-cloud-sdk\bin;C:\Program Files\cURL\bin;D:\PHP5.6;D:\composer;C:\ProgramData\chocolatey\bin;C:\Program Files\nodejs\;C:\Program Files (x86)\Windows Kits\8.1\Windows Performance Toolkit\;C:\Program Files\Microsoft SQL Server\110\Tools\Binn\;C:\Program Files (x86)\Microsoft SDKs\TypeScript\1.0\;C:\Program Files\Microsoft SQL Server\120\Tools\Binn\;C:\Program Files\PuTTY\;C:\windows\system32\config\systemprofile\.dnx\bin;C:\Program Files\Microsoft DNX\Dnvm\;C:\Program Files\Microsoft Network Monitor 3\;C:\Go\bin;D:\GOWorkspace\bin;D:\flutter\bin;C:\Program;C:\Program Files\Git\cmd;.]
2561-09-20 16:17:29.550  INFO 9236 --- [ost-startStop-1] o.a.c.c.C.[Tomcat].[localhost].[/]       : Initializing Spring embedded WebApplicationContext
2561-09-20 16:17:29.550  INFO 9236 --- [ost-startStop-1] o.s.web.context.ContextLoader            : Root WebApplicationContext: initialization completed in 2553 ms
2561-09-20 16:17:29.659  INFO 9236 --- [ost-startStop-1] o.s.b.w.servlet.ServletRegistrationBean  : Servlet dispatcherServlet mapped to [/]
2561-09-20 16:17:29.659  INFO 9236 --- [ost-startStop-1] o.s.b.w.servlet.FilterRegistrationBean   : Mapping filter: 'characterEncodingFilter' to: [/*]
2561-09-20 16:17:29.659  INFO 9236 --- [ost-startStop-1] o.s.b.w.servlet.FilterRegistrationBean   : Mapping filter: 'hiddenHttpMethodFilter' to: [/*]
2561-09-20 16:17:29.659  INFO 9236 --- [ost-startStop-1] o.s.b.w.servlet.FilterRegistrationBean   : Mapping filter: 'httpPutFormContentFilter' to: [/*]
2561-09-20 16:17:29.659  INFO 9236 --- [ost-startStop-1] o.s.b.w.servlet.FilterRegistrationBean   : Mapping filter: 'requestContextFilter' to: [/*]
2561-09-20 16:17:29.815  INFO 9236 --- [           main] o.s.w.s.handler.SimpleUrlHandlerMapping  : Mapped URL path [/**/favicon.ico] onto handler of type [class org.springframework.web.servlet.resource.ResourceHttpRequestHandler]
2561-09-20 16:17:30.022  INFO 9236 --- [           main] s.w.s.m.m.a.RequestMappingHandlerAdapter : Looking for @ControllerAdvice: org.springframework.boot.web.servlet.context.AnnotationConfigServletWebServerApplicationContext@7cef4e59: startup date [Thu Sep 20 16:17:26 ICT 2018]; root of context hierarchy
2561-09-20 16:17:30.146  INFO 9236 --- [           main] s.w.s.m.m.a.RequestMappingHandlerMapping : Mapped "{[/greeting],methods=[GET]}" onto public java.lang.String hello.GreetingController.greeting(java.lang.String,org.springframework.ui.Model)
2561-09-20 16:17:30.146  INFO 9236 --- [           main] s.w.s.m.m.a.RequestMappingHandlerMapping : Mapped "{[/error]}" onto public org.springframework.http.ResponseEntity<java.util.Map<java.lang.String, java.lang.Object>> org.springframework.boot.autoconfigure.web.servlet.error.BasicErrorController.error(javax.servlet.http.HttpServletRequest)
2561-09-20 16:17:30.146  INFO 9236 --- [           main] s.w.s.m.m.a.RequestMappingHandlerMapping : Mapped "{[/error],produces=[text/html]}" onto public org.springframework.web.servlet.ModelAndView org.springframework.boot.autoconfigure.web.servlet.error.BasicErrorController.errorHtml(javax.servlet.http.HttpServletRequest,javax.servlet.http.HttpServletResponse)
2561-09-20 16:17:30.178  INFO 9236 --- [           main] o.s.w.s.handler.SimpleUrlHandlerMapping  : Mapped URL path [/webjars/**] onto handler of type [class org.springframework.web.servlet.resource.ResourceHttpRequestHandler]
2561-09-20 16:17:30.178  INFO 9236 --- [           main] o.s.w.s.handler.SimpleUrlHandlerMapping  : Mapped URL path [/**] onto handler of type [class org.springframework.web.servlet.resource.ResourceHttpRequestHandler]
2561-09-20 16:17:30.349  INFO 9236 --- [           main] o.s.b.a.w.s.WelcomePageHandlerMapping    : Adding welcome page: class path resource [static/index.html]
2561-09-20 16:17:30.505  INFO 9236 --- [           main] o.s.j.e.a.AnnotationMBeanExporter        : Registering beans for JMX exposure on startup
2561-09-20 16:17:30.614  INFO 9236 --- [           main] o.s.b.w.embedded.tomcat.TomcatWebServer  : Tomcat started on port(s): 8080 (http) with context path ''
2561-09-20 16:17:30.614  INFO 9236 --- [           main] hello.Application                        : Started Application in 4.808 seconds (JVM running for 5.654)
2561-09-20 16:17:47.292  INFO 9236 --- [nio-8080-exec-1] o.a.c.c.C.[Tomcat].[localhost].[/]       : Initializing Spring FrameworkServlet 'dispatcherServlet'
2561-09-20 16:17:47.292  INFO 9236 --- [nio-8080-exec-1] o.s.web.servlet.DispatcherServlet        : FrameworkServlet 'dispatcherServlet': initialization started
2561-09-20 16:17:47.327  INFO 9236 --- [nio-8080-exec-1] o.s.web.servlet.DispatcherServlet        : FrameworkServlet 'dispatcherServlet': initialization completed in 35 ms
2561-09-20 16:18:05.839  INFO 9236 --- [       Thread-3] ConfigServletWebServerApplicationContext : Closing org.springframework.boot.web.servlet.context.AnnotationConfigServletWebServerApplicationContext@7cef4e59: startup date [Thu Sep 20 16:17:26 ICT 2018]; root of context hierarchy
2561-09-20 16:18:05.842  INFO 9236 --- [       Thread-3] o.s.j.e.a.AnnotationMBeanExporter        : Unregistering JMX-exposed beans on shutdown
